  EPNAR_Process.cpp
E:\C++_VS\ExtendPositiveNegativeARForm12 - running test\ExtendPositiveNegativeAR\EPNAR_Process.cpp(34,19): warning C4018: '<': signed/unsigned mismatch
E:\C++_VS\ExtendPositiveNegativeARForm12 - running test\ExtendPositiveNegativeAR\EPNAR_Process.cpp(35,19): warning C4018: '<': signed/unsigned mismatch
E:\C++_VS\ExtendPositiveNegativeARForm12 - running test\ExtendPositiveNegativeAR\EPNAR_Process.cpp(56,19): warning C4018: '<': signed/unsigned mismatch
E:\C++_VS\ExtendPositiveNegativeARForm12 - running test\ExtendPositiveNegativeAR\EPNAR_Process.cpp(57,19): warning C4018: '<': signed/unsigned mismatch
E:\C++_VS\ExtendPositiveNegativeARForm12 - running test\ExtendPositiveNegativeAR\EPNAR_Process.cpp(81,23): warning C4018: '<': signed/unsigned mismatch
E:\C++_VS\ExtendPositiveNegativeARForm12 - running test\ExtendPositiveNegativeAR\EPNAR_Process.cpp(82,23): warning C4018: '<': signed/unsigned mismatch
E:\C++_VS\ExtendPositiveNegativeARForm12 - running test\ExtendPositiveNegativeAR\EPNAR_Process.cpp(103,23): warning C4018: '<': signed/unsigned mismatch
E:\C++_VS\ExtendPositiveNegativeARForm12 - running test\ExtendPositiveNegativeAR\EPNAR_Process.cpp(104,23): warning C4018: '<': signed/unsigned mismatch
E:\C++_VS\ExtendPositiveNegativeARForm12 - running test\ExtendPositiveNegativeAR\EPNAR_Process.cpp(881,20): warning C4018: '<': signed/unsigned mismatch
E:\C++_VS\ExtendPositiveNegativeARForm12 - running test\ExtendPositiveNegativeAR\EPNAR_Process.cpp(886,20): warning C4018: '<': signed/unsigned mismatch
E:\C++_VS\ExtendPositiveNegativeARForm12 - running test\ExtendPositiveNegativeAR\EPNAR_Process.cpp(896,20): warning C4018: '<': signed/unsigned mismatch
E:\C++_VS\ExtendPositiveNegativeARForm12 - running test\ExtendPositiveNegativeAR\EPNAR_Process.cpp(901,20): warning C4018: '<': signed/unsigned mismatch
E:\C++_VS\ExtendPositiveNegativeARForm12 - running test\ExtendPositiveNegativeAR\EPNAR_Process.cpp(1096,95): warning C4554: '&': check operator precedence for possible error; use parentheses to clarify precedence
E:\C++_VS\ExtendPositiveNegativeARForm12 - running test\ExtendPositiveNegativeAR\EPNAR_Process.cpp(1184,23): warning C4018: '<': signed/unsigned mismatch
E:\C++_VS\ExtendPositiveNegativeARForm12 - running test\ExtendPositiveNegativeAR\EPNAR_Process.cpp(1185,23): warning C4018: '<': signed/unsigned mismatch
E:\C++_VS\ExtendPositiveNegativeARForm12 - running test\ExtendPositiveNegativeAR\EPNAR_Process.cpp(1206,23): warning C4018: '<': signed/unsigned mismatch
E:\C++_VS\ExtendPositiveNegativeARForm12 - running test\ExtendPositiveNegativeAR\EPNAR_Process.cpp(1207,23): warning C4018: '<': signed/unsigned mismatch
E:\C++_VS\ExtendPositiveNegativeARForm12 - running test\ExtendPositiveNegativeAR\EPNAR_Process.cpp(1235,24): warning C4018: '<': signed/unsigned mismatch
E:\C++_VS\ExtendPositiveNegativeARForm12 - running test\ExtendPositiveNegativeAR\EPNAR_Process.cpp(1236,24): warning C4018: '<': signed/unsigned mismatch
E:\C++_VS\ExtendPositiveNegativeARForm12 - running test\ExtendPositiveNegativeAR\EPNAR_Process.cpp(1263,24): warning C4018: '<': signed/unsigned mismatch
E:\C++_VS\ExtendPositiveNegativeARForm12 - running test\ExtendPositiveNegativeAR\EPNAR_Process.cpp(1264,24): warning C4018: '<': signed/unsigned mismatch
DA2dims.obj : warning LNK4075: ignoring '/EDITANDCONTINUE' due to '/INCREMENTAL:NO' specification
  ExtendPositiveNegativeAR.vcxproj -> E:\C++_VS\ExtendPositiveNegativeARForm12 - running test\Debug\ExtendPositiveNegativeAR.exe
