d:\projects\win_projects\extendpositivenegativear\extendpositivenegativear\debug\extendpositivenegativear.pch
d:\projects\win_projects\extendpositivenegativear\extendpositivenegativear\debug\stdafx.obj
d:\projects\win_projects\extendpositivenegativear\extendpositivenegativear\debug\vc100.pdb
d:\projects\win_projects\extendpositivenegativear\extendpositivenegativear\debug\charm_business.obj
d:\projects\win_projects\extendpositivenegativear\extendpositivenegativear\debug\cl_treedb.obj
d:\projects\win_projects\extendpositivenegativear\extendpositivenegativear\debug\data_process.obj
d:\projects\win_projects\extendpositivenegativear\extendpositivenegativear\debug\epnar_process.obj
d:\projects\win_projects\extendpositivenegativear\extendpositivenegativear\debug\extendpositivenegativear.obj
d:\projects\win_projects\extendpositivenegativear\extendpositivenegativear\debug\hash_table.obj
d:\projects\win_projects\extendpositivenegativear\extendpositivenegativear\debug\time_counter.obj
d:\projects\win_projects\extendpositivenegativear\extendpositivenegativear\debug\da2dims.obj
d:\projects\win_projects\extendpositivenegativear\debug\extendpositivenegativear.exe
d:\projects\win_projects\extendpositivenegativear\extendpositivenegativear\debug\extendpositivenegativear.exe.intermediate.manifest
d:\projects\win_projects\extendpositivenegativear\debug\extendpositivenegativear.pdb
d:\projects\win_projects\extendpositivenegativear\extendpositivenegativear\debug\vc120.pdb
d:\projects\win_projects\extendpositivenegativear\extendpositivenegativear\debug\vc120.idb
d:\projects\win_projects\extendpositivenegativear\extendpositivenegativear\debug\extendpositivenegativear.vcxprojresolveassemblyreference.cache
d:\projects\win_projects\extendpositivenegativear\extendpositivenegativear\debug\cl.command.1.tlog
d:\projects\win_projects\extendpositivenegativear\extendpositivenegativear\debug\cl.read.1.tlog
d:\projects\win_projects\extendpositivenegativear\extendpositivenegativear\debug\cl.write.1.tlog
d:\projects\win_projects\extendpositivenegativear\extendpositivenegativear\debug\extendpositivenegativear.write.1.tlog
d:\projects\win_projects\extendpositivenegativear\extendpositivenegativear\debug\link.command.1.tlog
d:\projects\win_projects\extendpositivenegativear\extendpositivenegativear\debug\link.read.1.tlog
d:\projects\win_projects\extendpositivenegativear\extendpositivenegativear\debug\link.write.1.tlog
d:\projects\win_projects\extendpositivenegativear\extendpositivenegativear\debug\mt.command.1.tlog
d:\projects\win_projects\extendpositivenegativear\extendpositivenegativear\debug\mt.read.1.tlog
d:\projects\win_projects\extendpositivenegativear\extendpositivenegativear\debug\mt.write.1.tlog
d:\projects\win_projects\extendpositivenegativear\extendpositivenegativear\debug\vc100.idb
d:\projects\win_projects\extendpositivenegativear\extendpositivenegativear\debug\extendpo.c5fb9575.tlog\cl.command.1.tlog
d:\projects\win_projects\extendpositivenegativear\extendpositivenegativear\debug\extendpo.c5fb9575.tlog\cl.read.1.tlog
d:\projects\win_projects\extendpositivenegativear\extendpositivenegativear\debug\extendpo.c5fb9575.tlog\cl.write.1.tlog
d:\projects\win_projects\extendpositivenegativear\extendpositivenegativear\debug\extendpo.c5fb9575.tlog\link-cvtres.read.1.tlog
d:\projects\win_projects\extendpositivenegativear\extendpositivenegativear\debug\extendpo.c5fb9575.tlog\link-cvtres.write.1.tlog
d:\projects\win_projects\extendpositivenegativear\extendpositivenegativear\debug\extendpo.c5fb9575.tlog\link-rc.read.1.tlog
d:\projects\win_projects\extendpositivenegativear\extendpositivenegativear\debug\extendpo.c5fb9575.tlog\link-rc.write.1.tlog
d:\projects\win_projects\extendpositivenegativear\extendpositivenegativear\debug\extendpo.c5fb9575.tlog\link.command.1.tlog
d:\projects\win_projects\extendpositivenegativear\extendpositivenegativear\debug\extendpo.c5fb9575.tlog\link.read.1.tlog
d:\projects\win_projects\extendpositivenegativear\extendpositivenegativear\debug\extendpo.c5fb9575.tlog\link.write.1.tlog
