e:\c++_vs\extendpositivenegativearform12 - running test\extendpositivenegativear\x64\debug\extendpositivenegativear.pch
e:\c++_vs\extendpositivenegativearform12 - running test\extendpositivenegativear\x64\debug\vc142.pdb
e:\c++_vs\extendpositivenegativearform12 - running test\extendpositivenegativear\x64\debug\vc142.idb
e:\c++_vs\extendpositivenegativearform12 - running test\extendpositivenegativear\x64\debug\stdafx.obj
e:\c++_vs\extendpositivenegativearform12 - running test\extendpositivenegativear\x64\debug\time_counter.obj
e:\c++_vs\extendpositivenegativearform12 - running test\extendpositivenegativear\x64\debug\extendpositivenegativear.obj
e:\c++_vs\extendpositivenegativearform12 - running test\extendpositivenegativear\x64\debug\epnar_process.obj
e:\c++_vs\extendpositivenegativearform12 - running test\extendpositivenegativear\x64\debug\da2dims.obj
e:\c++_vs\extendpositivenegativearform12 - running test\x64\debug\extendpositivenegativear.exe
e:\c++_vs\extendpositivenegativearform12 - running test\x64\debug\extendpositivenegativear.pdb
e:\c++_vs\extendpositivenegativear\extendpositivenegativear\x64\debug\da2dims.obj
e:\c++_vs\extendpositivenegativear\extendpositivenegativear\x64\debug\epnar_process.obj
e:\c++_vs\extendpositivenegativear\extendpositivenegativear\x64\debug\extendpositivenegativear.obj
e:\c++_vs\extendpositivenegativear\extendpositivenegativear\x64\debug\stdafx.obj
e:\c++_vs\extendpositivenegativear\extendpositivenegativear\x64\debug\time_counter.obj
e:\c++_vs\extendpositivenegativear\extendpositivenegativear\x64\debug\extendpositivenegativear.pch
e:\c++_vs\extendpositivenegativear\extendpositivenegativear\x64\debug\vc142.idb
e:\c++_vs\extendpositivenegativear\extendpositivenegativear\x64\debug\vc142.pdb
e:\c++_vs\extendpositivenegativear\x64\debug\extendpositivenegativear.pdb
e:\c++_vs\extendpositivenegativear\x64\debug\extendpositivenegativear.exe
e:\c++_vs\extendpositivenegativear\extendpositivenegativear\x64\debug\extendpo.c5fb9575.tlog\cl.command.1.tlog
e:\c++_vs\extendpositivenegativear\extendpositivenegativear\x64\debug\extendpo.c5fb9575.tlog\cl.read.1.tlog
e:\c++_vs\extendpositivenegativear\extendpositivenegativear\x64\debug\extendpo.c5fb9575.tlog\cl.write.1.tlog
e:\c++_vs\extendpositivenegativear\extendpositivenegativear\x64\debug\extendpo.c5fb9575.tlog\link.command.1.tlog
e:\c++_vs\extendpositivenegativear\extendpositivenegativear\x64\debug\extendpo.c5fb9575.tlog\link.read.1.tlog
e:\c++_vs\extendpositivenegativear\extendpositivenegativear\x64\debug\extendpo.c5fb9575.tlog\link.write.1.tlog
